Watching for file changes with StatReloader
/Users/daniyar/Desktop/university/StudentManagementSystem/attendance/views.py changed, reloading.
Watching for file changes with StatReloader
/Users/daniyar/Desktop/university/StudentManagementSystem/attendance/views.py changed, reloading.
Watching for file changes with StatReloader
/Users/daniyar/Desktop/university/StudentManagementSystem/attendance/views.py changed, reloading.
Watching for file changes with StatReloader
/Users/daniyar/Desktop/university/StudentManagementSystem/attendance/views.py changed, reloading.
Watching for file changes with StatReloader
/Users/daniyar/Desktop/university/StudentManagementSystem/attendance/urls.py changed, reloading.
Watching for file changes with StatReloader
/Users/daniyar/Desktop/university/StudentManagementSystem/attendance/urls.py changed, reloading.
Watching for file changes with StatReloader
Not Found: /
"GET / HTTP/1.1" 404 3077
Not Found: /
"GET / HTTP/1.1" 404 3077
"GET /admin/ HTTP/1.1" 200 9290
"GET /static/admin/css/dark_mode.css HTTP/1.1" 200 2804
"GET /static/admin/css/dashboard.css HTTP/1.1" 200 441
"GET /static/admin/css/nav_sidebar.css HTTP/1.1" 200 2810
"GET /static/admin/js/theme.js HTTP/1.1" 200 1653
"GET /static/admin/img/icon-changelink.svg HTTP/1.1" 200 380
"GET /static/admin/img/icon-addlink.svg HTTP/1.1" 200 331
"GET /admin/attendance/attendance/ HTTP/1.1" 200 9906
"GET /static/admin/css/changelists.css HTTP/1.1" 200 6878
"GET /static/admin/js/jquery.init.js HTTP/1.1" 200 347
"GET /admin/jsi18n/ HTTP/1.1" 200 3342
"GET /static/admin/js/actions.js HTTP/1.1" 200 8076
"GET /static/admin/js/prepopulate.js HTTP/1.1" 200 1531
"GET /static/admin/js/core.js HTTP/1.1" 200 6208
"GET /static/admin/js/urlify.js HTTP/1.1" 200 7887
"GET /static/admin/js/admin/RelatedObjectLookups.js HTTP/1.1" 200 9097
"GET /static/admin/js/filters.js HTTP/1.1" 200 978
"GET /static/admin/js/vendor/jquery/jquery.js HTTP/1.1" 200 285314
"GET /static/admin/js/vendor/xregexp/xregexp.js HTTP/1.1" 200 325171
"GET /static/admin/img/tooltag-add.svg HTTP/1.1" 200 331
Not Found: /
"GET / HTTP/1.1" 404 3077
Not Found: /dashboard/
"GET /dashboard/ HTTP/1.1" 404 3125
"GET /admin/ HTTP/1.1" 200 9290
Not Found: /authentication/login/
"GET /authentication/login/ HTTP/1.1" 404 3158
Not Found: /authentication/login/
"GET /authentication/login/ HTTP/1.1" 404 3158
Not Found: /authentication/forgot-password/
"GET /authentication/forgot-password/ HTTP/1.1" 404 3188
Unauthorized: /auth/
"GET /auth/ HTTP/1.1" 401 5014
"GET /static/rest_framework/css/bootstrap-tweaks.css HTTP/1.1" 200 3426
"GET /static/rest_framework/css/default.css HTTP/1.1" 200 1152
"GET /static/rest_framework/css/prettify.css HTTP/1.1" 200 817
"GET /static/rest_framework/js/ajax-form.js HTTP/1.1" 200 3796
"GET /static/rest_framework/js/default.js HTTP/1.1" 200 1268
"GET /static/rest_framework/js/csrf.js HTTP/1.1" 200 1793
"GET /static/rest_framework/js/prettify-min.js HTTP/1.1" 200 13632
"GET /static/rest_framework/js/load-ajax-form.js HTTP/1.1" 200 59
"GET /static/rest_framework/js/bootstrap.min.js HTTP/1.1" 200 39680
"GET /static/rest_framework/css/bootstrap.min.css HTTP/1.1" 200 121457
"GET /static/rest_framework/js/jquery-3.7.1.min.js HTTP/1.1" 200 87533
"GET /static/rest_framework/img/grid.png HTTP/1.1" 200 1458
Not Found: /authentication/login/
"GET /authentication/login/ HTTP/1.1" 404 3158
Not Found: /
"GET / HTTP/1.1" 404 3077
"GET /students HTTP/1.1" 301 0
Unauthorized: /students/
"GET /students/ HTTP/1.1" 401 5088
Not Found: /
"GET / HTTP/1.1" 404 3077
"GET /admin/ HTTP/1.1" 200 9290
"GET /attendance HTTP/1.1" 301 0
Unauthorized: /attendance/
"GET /attendance/ HTTP/1.1" 401 3769
"GET /admin/ HTTP/1.1" 200 9290
Not Found: /
"GET / HTTP/1.1" 404 3077
Not Found: /
"GET / HTTP/1.1" 404 3077
"GET /grades HTTP/1.1" 301 0
Unauthorized: /grades/
"GET /grades/ HTTP/1.1" 401 5042
Unauthorized: /grades/
"GET /grades/ HTTP/1.1" 401 5042
Not Found: /
"GET / HTTP/1.1" 404 3077
Not Found: /
"GET / HTTP/1.1" 404 3077
Not Found: /register/
"GET /register/ HTTP/1.1" 404 3122
"GET /admin/ HTTP/1.1" 200 9290
Not Found: /authentication/forgot-password/
"GET /authentication/forgot-password/ HTTP/1.1" 404 3188
Not Found: /auth/register
"GET /auth/register HTTP/1.1" 404 10822
Not Found: /authentication/forgot-password/
"GET /authentication/forgot-password/ HTTP/1.1" 404 3188
Not Found: /authentication/login/
"GET /authentication/login/ HTTP/1.1" 404 3158
"GET /admin/ HTTP/1.1" 200 9290
Unauthorized: /attendance/
"GET /attendance/ HTTP/1.1" 401 3769
"GET /admin/ HTTP/1.1" 200 9290
Not Found: /
"GET / HTTP/1.1" 404 3077
Not Found: /contact/
"GET /contact/ HTTP/1.1" 404 3119
"GET /courses HTTP/1.1" 301 0
Unauthorized: /courses/
"GET /courses/ HTTP/1.1" 401 5047
Unauthorized: /courses/
"GET /courses/ HTTP/1.1" 401 5047
Unauthorized: /courses/
"GET /courses/?format=json HTTP/1.1" 401 58
Unauthorized: /courses/
"GET /courses/?format=api HTTP/1.1" 401 5080
Not Found: /
"GET / HTTP/1.1" 404 3077
"GET /admin/ HTTP/1.1" 200 9290
Not Found: /authentication/login/
"GET /authentication/login/ HTTP/1.1" 404 3158
Not Found: /authentication/login/
"GET /authentication/login/ HTTP/1.1" 404 3158
Not Found: /authentication/signup
"GET /authentication/signup HTTP/1.1" 404 3158
"GET /admin/ HTTP/1.1" 200 9290
Not Found: /enroll
"GET /enroll HTTP/1.1" 404 3113
/Users/daniyar/Desktop/university/StudentManagementSystem/StudentManagementSystem/urls.py changed, reloading.
Watching for file changes with StatReloader
/Users/daniyar/Desktop/university/StudentManagementSystem/StudentManagementSystem/urls.py changed, reloading.
Watching for file changes with StatReloader
Not Found: /
"GET / HTTP/1.1" 404 3077
Not Found: /
"GET / HTTP/1.1" 404 3077
Not Found: /contact/
"GET /contact/ HTTP/1.1" 404 3119
Not Found: /contact/
"GET /contact/ HTTP/1.1" 404 3119
Unauthorized: /courses/
"GET /courses/ HTTP/1.1" 401 5047
"GET /courses/enroll HTTP/1.1" 301 0
Unauthorized: /courses/enroll/
"GET /courses/enroll/ HTTP/1.1" 401 3866
Not Found: /
"GET / HTTP/1.1" 404 3077
Not Found: /
"GET / HTTP/1.1" 404 3077
Unauthorized: /grades/
"GET /grades/ HTTP/1.1" 401 5042
Not Found: /assign-role
"GET /assign-role HTTP/1.1" 404 3128
Not Found: /assign-role/
"GET /assign-role/ HTTP/1.1" 404 3131
/Users/daniyar/Desktop/university/StudentManagementSystem/StudentManagementSystem/urls.py changed, reloading.
Watching for file changes with StatReloader
"GET /admin/ HTTP/1.1" 200 9290
Not Found: /
"GET / HTTP/1.1" 404 3225
Not Found: /users/5
"GET /users/5 HTTP/1.1" 404 3264
Not Found: /user
"GET /user HTTP/1.1" 404 3255
Not Found: /users/5
"GET /users/5 HTTP/1.1" 404 3264
Not Found: /users/1
"GET /users/1 HTTP/1.1" 404 3264
Not Found: /users/1
"GET /users/1 HTTP/1.1" 404 3264
Not Found: /user/assing-role
"GET /user/assing-role HTTP/1.1" 404 3413
Not Found: /user/assing-role/
"GET /user/assing-role/ HTTP/1.1" 404 3416
Not Found: /auth/user/assing-role/
"GET /auth/user/assing-role/ HTTP/1.1" 404 10997
"GET /admin/ HTTP/1.1" 200 9290
Not Found: /
"GET / HTTP/1.1" 404 3225
/Users/daniyar/Desktop/university/StudentManagementSystem/user/urls.py changed, reloading.
Watching for file changes with StatReloader
Not Found: /users/1
"GET /users/1 HTTP/1.1" 404 3264
Not Found: /users/3
"GET /users/3 HTTP/1.1" 404 3264
"GET /user HTTP/1.1" 301 0
Unauthorized: /user/
"GET /user/ HTTP/1.1" 401 3745
Not Found: /users/3
"GET /users/3 HTTP/1.1" 404 3264
Not Found: /
"GET / HTTP/1.1" 404 3225
"GET /admin/ HTTP/1.1" 200 9290
"GET /admin/students/student/ HTTP/1.1" 200 9877
"GET /admin/jsi18n/ HTTP/1.1" 200 3342
"GET /admin/auth/group/ HTTP/1.1" 200 10200
"GET /admin/jsi18n/ HTTP/1.1" 200 3342
"GET /static/admin/img/search.svg HTTP/1.1" 200 458
"GET /admin/students/student/ HTTP/1.1" 200 9877
"GET /admin/jsi18n/ HTTP/1.1" 200 3342
Watching for file changes with StatReloader
Watching for file changes with StatReloader
Not Found: /
"GET / HTTP/1.1" 404 3225
Not Found: /favicon.ico
"GET /favicon.ico HTTP/1.1" 404 3276
- Broken pipe from ('127.0.0.1', 50202)
"GET /admin HTTP/1.1" 301 0
"GET /admin/ HTTP/1.1" 200 9290
"GET /static/admin/js/theme.js HTTP/1.1" 200 1653
"GET /static/admin/css/nav_sidebar.css HTTP/1.1" 200 2810
"GET /static/admin/css/dashboard.css HTTP/1.1" 200 441
"GET /static/admin/css/dark_mode.css HTTP/1.1" 200 2804
"GET /static/admin/js/nav_sidebar.js HTTP/1.1" 200 3063
"GET /static/admin/css/base.css HTTP/1.1" 200 22092
"GET /static/admin/css/responsive.css HTTP/1.1" 200 17972
"GET /static/admin/img/icon-addlink.svg HTTP/1.1" 200 331
"GET /static/admin/img/icon-changelink.svg HTTP/1.1" 200 380
User logged out: Daniyar (ID: 1)
"POST /admin/logout/ HTTP/1.1" 200 3555
"GET /admin/ HTTP/1.1" 302 0
"GET /admin/login/?next=/admin/ HTTP/1.1" 200 4160
"GET /static/admin/css/login.css HTTP/1.1" 200 951
"POST /admin/login/?next=/admin/ HTTP/1.1" 200 4323
"POST /admin/login/?next=/admin/ HTTP/1.1" 200 4323
Watching for file changes with StatReloader
Watching for file changes with StatReloader
Not Found: /
"GET / HTTP/1.1" 404 3225
Not Found: /
"GET / HTTP/1.1" 404 3225
"GET /admin/ HTTP/1.1" 302 0
"GET /admin/login/?next=/admin/ HTTP/1.1" 200 4160
"GET /static/admin/css/dark_mode.css HTTP/1.1" 200 2804
"GET /static/admin/js/theme.js HTTP/1.1" 200 1653
"GET /static/admin/css/nav_sidebar.css HTTP/1.1" 200 2810
"GET /static/admin/css/base.css HTTP/1.1" 200 22092
User logged in: Iliyas (ID: 2)
"POST /admin/login/?next=/admin/ HTTP/1.1" 302 0
"GET /admin/ HTTP/1.1" 200 9289
"GET /static/admin/css/dashboard.css HTTP/1.1" 200 441
"GET /static/admin/img/icon-changelink.svg HTTP/1.1" 200 380
"GET /static/admin/img/icon-addlink.svg HTTP/1.1" 200 331
"GET /admin/students/student/ HTTP/1.1" 200 9876
"GET /static/admin/js/jquery.init.js HTTP/1.1" 200 347
"GET /static/admin/js/actions.js HTTP/1.1" 200 8076
"GET /static/admin/js/admin/RelatedObjectLookups.js HTTP/1.1" 200 9097
"GET /static/admin/js/prepopulate.js HTTP/1.1" 200 1531
"GET /admin/jsi18n/ HTTP/1.1" 200 3342
"GET /static/admin/js/urlify.js HTTP/1.1" 200 7887
"GET /admin/auth/group/ HTTP/1.1" 200 10199
"GET /admin/jsi18n/ HTTP/1.1" 200 3342
"GET /admin/attendance/attendance/ HTTP/1.1" 200 9905
"GET /admin/jsi18n/ HTTP/1.1" 200 3342
"GET /admin/attendance/attendance/add/ HTTP/1.1" 200 14881
"GET /static/admin/js/prepopulate_init.js HTTP/1.1" 200 586
"GET /static/admin/js/change_form.js HTTP/1.1" 200 606
"GET /static/admin/js/calendar.js HTTP/1.1" 200 9141
"GET /static/admin/css/forms.css HTTP/1.1" 200 8710
"GET /static/admin/js/admin/DateTimeShortcuts.js HTTP/1.1" 200 19319
"GET /admin/jsi18n/ HTTP/1.1" 200 3342
"GET /static/admin/css/widgets.css HTTP/1.1" 200 11564
"GET /static/admin/img/icon-viewlink.svg HTTP/1.1" 200 581
"GET /static/admin/img/icon-calendar.svg HTTP/1.1" 200 1086
"GET /admin/students/student/ HTTP/1.1" 200 9876
"GET /admin/jsi18n/ HTTP/1.1" 200 3342
"GET /admin/students/student/add/ HTTP/1.1" 200 11628
"GET /admin/jsi18n/ HTTP/1.1" 200 3342
"GET /static/admin/img/calendar-icons.svg HTTP/1.1" 200 2455
"GET /admin/grades/grade/ HTTP/1.1" 200 9854
"GET /admin/jsi18n/ HTTP/1.1" 200 3342
"GET /admin/grades/grade/add/ HTTP/1.1" 200 14687
"GET /admin/jsi18n/ HTTP/1.1" 200 3342
"GET /admin/students/student/ HTTP/1.1" 200 9876
"GET /admin/jsi18n/ HTTP/1.1" 200 3342
"GET /admin/students/student/ HTTP/1.1" 200 9876
"GET /admin/jsi18n/ HTTP/1.1" 200 3342
"GET /admin/students/student/add/ HTTP/1.1" 200 11628
"GET /admin/jsi18n/ HTTP/1.1" 200 3342
"POST /admin/students/student/add/ HTTP/1.1" 302 0
"GET /admin/students/student/1/change/ HTTP/1.1" 200 12087
"GET /admin/jsi18n/ HTTP/1.1" 200 3342
"GET /static/admin/img/icon-yes.svg HTTP/1.1" 200 436
"GET /admin/students/student/1/change/ HTTP/1.1" 200 11856
"GET /admin/jsi18n/ HTTP/1.1" 200 3342
"GET /admin/grades/grade/ HTTP/1.1" 200 9854
"GET /admin/jsi18n/ HTTP/1.1" 200 3342
"GET /admin/students/student/ HTTP/1.1" 200 11156
"GET /admin/jsi18n/ HTTP/1.1" 200 3342
"GET /admin/courses/course/ HTTP/1.1" 200 9865
"GET /admin/jsi18n/ HTTP/1.1" 200 3342
"GET /admin/courses/course/add/ HTTP/1.1" 200 12059
"GET /admin/jsi18n/ HTTP/1.1" 200 3342
"POST /admin/courses/course/add/ HTTP/1.1" 200 12260
"GET /admin/jsi18n/ HTTP/1.1" 200 3342
"GET /admin/courses/enrollment/ HTTP/1.1" 200 9893
"GET /admin/jsi18n/ HTTP/1.1" 200 3342
"GET /admin/courses/enrollment/add/ HTTP/1.1" 200 13421
"GET /admin/jsi18n/ HTTP/1.1" 200 3342
"GET /admin/auth/group/ HTTP/1.1" 200 10199
"GET /admin/jsi18n/ HTTP/1.1" 200 3342
"GET /admin/auth/group/add/ HTTP/1.1" 200 15171
"GET /static/admin/js/SelectBox.js HTTP/1.1" 200 4530
"GET /static/admin/js/SelectFilter2.js HTTP/1.1" 200 15502
"GET /admin/jsi18n/ HTTP/1.1" 200 3342
"GET /static/admin/img/selector-icons.svg HTTP/1.1" 200 3291
"GET /static/admin/img/icon-unknown.svg HTTP/1.1" 200 655
"GET /static/admin/img/icon-unknown-alt.svg HTTP/1.1" 200 655
"GET /admin/courses/enrollment/ HTTP/1.1" 200 9893
"GET /admin/jsi18n/ HTTP/1.1" 200 3342
"GET /admin/courses/enrollment/add/ HTTP/1.1" 200 13421
"GET /admin/jsi18n/ HTTP/1.1" 200 3342
"GET /admin/courses/course/ HTTP/1.1" 200 9865
"GET /admin/jsi18n/ HTTP/1.1" 200 3342
"GET /admin/courses/course/add/ HTTP/1.1" 200 12059
"GET /admin/jsi18n/ HTTP/1.1" 200 3342
"GET /admin/auth/group/ HTTP/1.1" 200 10199
"GET /admin/jsi18n/ HTTP/1.1" 200 3342
"GET /admin/auth/group/add/ HTTP/1.1" 200 15171
"GET /admin/jsi18n/ HTTP/1.1" 200 3342
"GET /admin/attendance/attendance/ HTTP/1.1" 200 9905
"GET /admin/jsi18n/ HTTP/1.1" 200 3342
Not Found: /apple-touch-icon-precomposed.png
Not Found: /apple-touch-icon.png
Not Found: /favicon.ico
"GET /apple-touch-icon-precomposed.png HTTP/1.1" 404 3339
"GET /apple-touch-icon.png HTTP/1.1" 404 3303
"GET /favicon.ico HTTP/1.1" 404 3276
"GET /admin/attendance/attendance/ HTTP/1.1" 200 9905
"GET /admin/jsi18n/ HTTP/1.1" 200 3342
Not Found: /
"GET / HTTP/1.1" 404 3225
Not Found: /
"GET / HTTP/1.1" 404 3225
"GET /admin/auth/group/ HTTP/1.1" 200 10199
"GET /admin/jsi18n/ HTTP/1.1" 200 3342
Not Found: /authentication
"GET /authentication HTTP/1.1" 404 3285
Not Found: /auth/authorization
"GET /auth/authorization HTTP/1.1" 404 10985
Unauthorized: /auth/
"GET /auth/ HTTP/1.1" 401 5014
/Users/daniyar/Desktop/university/StudentManagementSystem/user/admin.py changed, reloading.
Watching for file changes with StatReloader
/Users/daniyar/Desktop/university/StudentManagementSystem/user/admin.py changed, reloading.
Watching for file changes with StatReloader
/Users/daniyar/Desktop/university/StudentManagementSystem/user/admin.py changed, reloading.
Watching for file changes with StatReloader
/Users/daniyar/Desktop/university/StudentManagementSystem/user/admin.py changed, reloading.
Watching for file changes with StatReloader
/Users/daniyar/Desktop/university/StudentManagementSystem/user/admin.py changed, reloading.
Watching for file changes with StatReloader
Watching for file changes with StatReloader
Watching for file changes with StatReloader
Not Found: /
"GET / HTTP/1.1" 404 3225
"GET /admin/ HTTP/1.1" 200 10451
"GET /admin/user/user/ HTTP/1.1" 200 14961
"GET /admin/jsi18n/ HTTP/1.1" 200 3342
"GET /static/admin/img/icon-yes.svg HTTP/1.1" 200 436
"GET /static/admin/img/sorting-icons.svg HTTP/1.1" 200 1097
"GET /admin/user/user/add/ HTTP/1.1" 200 16111
"GET /static/admin/css/forms.css HTTP/1.1" 200 8710
"GET /static/admin/js/change_form.js HTTP/1.1" 200 606
"GET /static/admin/css/unusable_password_field.css HTTP/1.1" 200 663
"GET /static/admin/js/unusable_password_field.js HTTP/1.1" 200 1480
"GET /static/admin/js/prepopulate_init.js HTTP/1.1" 200 586
"GET /admin/jsi18n/ HTTP/1.1" 200 3342
"GET /static/admin/css/widgets.css HTTP/1.1" 200 11564
"GET /admin/auth/group/ HTTP/1.1" 200 10817
"GET /admin/jsi18n/ HTTP/1.1" 200 3342
"GET /admin/auth/group/add/ HTTP/1.1" 200 15789
"GET /static/admin/js/SelectBox.js HTTP/1.1" 200 4530
"GET /static/admin/js/SelectFilter2.js HTTP/1.1" 200 15502
"GET /admin/jsi18n/ HTTP/1.1" 200 3342
"GET /static/admin/img/icon-unknown.svg HTTP/1.1" 200 655
"GET /static/admin/img/icon-unknown-alt.svg HTTP/1.1" 200 655
"GET /static/admin/img/selector-icons.svg HTTP/1.1" 200 3291
"GET /admin/grades/grade/ HTTP/1.1" 200 10472
"GET /admin/jsi18n/ HTTP/1.1" 200 3342
"GET /admin/grades/grade/add/ HTTP/1.1" 200 16220
"GET /admin/jsi18n/ HTTP/1.1" 200 3342
"GET /admin/user/user/ HTTP/1.1" 200 14961
"GET /admin/jsi18n/ HTTP/1.1" 200 3342
"GET /admin/auth/ HTTP/1.1" 200 5312
/Users/daniyar/Desktop/university/StudentManagementSystem/user/admin.py changed, reloading.
Watching for file changes with StatReloader
"GET /admin/user/user/ HTTP/1.1" 200 14961
"GET /admin/jsi18n/ HTTP/1.1" 200 3342
"GET /admin/auth/group/ HTTP/1.1" 200 10817
"GET /admin/jsi18n/ HTTP/1.1" 200 3342
"GET /admin/user/user/add/ HTTP/1.1" 200 16111
"GET /admin/jsi18n/ HTTP/1.1" 200 3342
"GET /admin/auth/group/ HTTP/1.1" 200 10817
"GET /admin/jsi18n/ HTTP/1.1" 200 3342
"GET /admin/auth/group/add/ HTTP/1.1" 200 15789
"GET /admin/jsi18n/ HTTP/1.1" 200 3342
"POST /admin/auth/group/add/ HTTP/1.1" 302 0
"GET /admin/auth/group/1/change/ HTTP/1.1" 200 16232
"GET /admin/jsi18n/ HTTP/1.1" 200 3342
"GET /admin/auth/group/ HTTP/1.1" 200 12085
"GET /admin/jsi18n/ HTTP/1.1" 200 3342
"GET /admin/auth/group/1/change/ HTTP/1.1" 200 16010
"GET /admin/jsi18n/ HTTP/1.1" 200 3342
"GET /admin/courses/course/ HTTP/1.1" 200 10483
"GET /admin/jsi18n/ HTTP/1.1" 200 3342
"GET /admin/courses/course/add/ HTTP/1.1" 200 13564
"GET /admin/jsi18n/ HTTP/1.1" 200 3342
"GET /admin/user/user/add/?_to_field=id&_popup=1 HTTP/1.1" 200 9184
"GET /admin/jsi18n/ HTTP/1.1" 200 3342
"GET /admin/user/user/add/?_to_field=id&_popup=1 HTTP/1.1" 200 9184
"GET /admin/jsi18n/ HTTP/1.1" 200 3342
"GET /admin/user/user/ HTTP/1.1" 200 14961
"GET /admin/jsi18n/ HTTP/1.1" 200 3342
"GET /admin/user/user/add/ HTTP/1.1" 200 16111
"GET /admin/jsi18n/ HTTP/1.1" 200 3342
"POST /admin/user/user/add/ HTTP/1.1" 200 16304
"GET /admin/jsi18n/ HTTP/1.1" 200 3342
"POST /admin/user/user/add/ HTTP/1.1" 302 0
"GET /admin/user/user/3/change/ HTTP/1.1" 200 27055
"GET /admin/jsi18n/ HTTP/1.1" 200 3342
"GET /static/admin/js/calendar.js HTTP/1.1" 200 9141
"GET /static/admin/js/admin/DateTimeShortcuts.js HTTP/1.1" 200 19319
"GET /static/admin/img/icon-calendar.svg HTTP/1.1" 200 1086
"GET /static/admin/img/icon-clock.svg HTTP/1.1" 200 677
"GET /admin/user/user/ HTTP/1.1" 200 15463
"GET /admin/jsi18n/ HTTP/1.1" 200 3342
"GET /static/admin/img/icon-no.svg HTTP/1.1" 200 560
"GET /admin/courses/course/ HTTP/1.1" 200 10483
"GET /admin/jsi18n/ HTTP/1.1" 200 3342
"GET /admin/courses/course/add/ HTTP/1.1" 200 13610
"GET /admin/jsi18n/ HTTP/1.1" 200 3342
"POST /admin/courses/course/add/ HTTP/1.1" 302 0
"GET /admin/courses/course/ HTTP/1.1" 200 11970
"GET /admin/jsi18n/ HTTP/1.1" 200 3342
"GET /admin/courses/enrollment/ HTTP/1.1" 200 10511
"GET /admin/jsi18n/ HTTP/1.1" 200 3342
"GET /admin/courses/enrollment/add/ HTTP/1.1" 200 14080
"GET /admin/jsi18n/ HTTP/1.1" 200 3342
"POST /admin/courses/enrollment/add/ HTTP/1.1" 302 0
"GET /admin/courses/enrollment/ HTTP/1.1" 200 12045
"GET /admin/jsi18n/ HTTP/1.1" 200 3342
"GET /admin/courses/course/ HTTP/1.1" 200 11767
"GET /admin/jsi18n/ HTTP/1.1" 200 3342
"GET /admin/courses/enrollment/ HTTP/1.1" 200 11825
"GET /admin/jsi18n/ HTTP/1.1" 200 3342
"GET /admin/grades/grade/ HTTP/1.1" 200 10472
"GET /admin/jsi18n/ HTTP/1.1" 200 3342
"GET /admin/grades/grade/add/ HTTP/1.1" 200 16307
"GET /admin/jsi18n/ HTTP/1.1" 200 3342
"POST /admin/grades/grade/add/ HTTP/1.1" 302 0
"GET /admin/grades/grade/ HTTP/1.1" 200 12000
"GET /admin/jsi18n/ HTTP/1.1" 200 3342
"GET /admin/auth/group/ HTTP/1.1" 200 12085
"GET /admin/jsi18n/ HTTP/1.1" 200 3342
"GET /admin/auth/group/1/change/ HTTP/1.1" 200 16010
"GET /admin/jsi18n/ HTTP/1.1" 200 3342
"GET /admin/attendance/attendance/ HTTP/1.1" 200 10523
"GET /admin/jsi18n/ HTTP/1.1" 200 3342
"GET /admin/attendance/attendance/add/ HTTP/1.1" 200 15577
"GET /admin/jsi18n/ HTTP/1.1" 200 3342
"POST /admin/attendance/attendance/add/ HTTP/1.1" 302 0
"GET /admin/attendance/attendance/ HTTP/1.1" 200 12135
"GET /admin/jsi18n/ HTTP/1.1" 200 3342
"GET /admin/auth/group/ HTTP/1.1" 200 12085
"GET /admin/jsi18n/ HTTP/1.1" 200 3342
"GET /admin/auth/group/1/change/ HTTP/1.1" 200 16010
"GET /admin/jsi18n/ HTTP/1.1" 200 3342
Watching for file changes with StatReloader
Watching for file changes with StatReloader
Watching for file changes with StatReloader
Not Found: /
"GET / HTTP/1.1" 404 3225
Not Found: /authentication/signup/
"GET /authentication/signup/ HTTP/1.1" 404 3309
"GET /static/assets/img/login.jpg HTTP/1.1" 404 1874
"GET /static/assets/plugins/fontawesome/webfonts/fa-brands-400.html HTTP/1.1" 404 1976
"GET /static/assets/js/script.js HTTP/1.1" 404 1871
"GET /static/assets/js/popper.min.js HTTP/1.1" 404 1883
"GET /static/assets/plugins/fontawesome/css/fontawesome.min.css HTTP/1.1" 404 1964
"GET /admin/ HTTP/1.1" 200 16480
"GET /static/admin/css/dashboard.css HTTP/1.1" 200 441
"GET /static/admin/css/nav_sidebar.css HTTP/1.1" 200 2810
"GET /static/admin/css/dark_mode.css HTTP/1.1" 200 2804
"GET /static/admin/js/nav_sidebar.js HTTP/1.1" 200 3063
"GET /static/admin/js/theme.js HTTP/1.1" 200 1653
"GET /static/admin/css/base.css HTTP/1.1" 200 22092
"GET /static/admin/css/responsive.css HTTP/1.1" 200 17972
"GET /static/admin/img/icon-addlink.svg HTTP/1.1" 200 331
"GET /static/admin/img/icon-changelink.svg HTTP/1.1" 200 380
Watching for file changes with StatReloader
Watching for file changes with StatReloader
Not Found: /
"GET / HTTP/1.1" 404 3225
"GET /admin/auth/group/ HTTP/1.1" 200 14903
"GET /admin/jsi18n/ HTTP/1.1" 200 3342
"GET /admin/ HTTP/1.1" 200 16480
"GET /admin/django_celery_beat/clockedschedule/ HTTP/1.1" 200 13362
"GET /admin/jsi18n/ HTTP/1.1" 200 3342
"GET /admin/django_celery_beat/clockedschedule/add/ HTTP/1.1" 200 17214
"GET /admin/jsi18n/ HTTP/1.1" 200 3342
"GET /static/admin/js/inlines.js HTTP/1.1" 200 15526
"GET /static/admin/img/icon-clock.svg HTTP/1.1" 200 677
Watching for file changes with StatReloader
Watching for file changes with StatReloader
Watching for file changes with StatReloader
Watching for file changes with StatReloader
Not Found: /
"GET / HTTP/1.1" 404 3225
Not Found: /
"GET / HTTP/1.1" 404 3225
Not Found: /accounts/signup/
"GET /accounts/signup/ HTTP/1.1" 404 3291
"GET /admin/login/?next=/admin/ HTTP/1.1" 302 0
"GET /admin/ HTTP/1.1" 200 16480
"GET /static/admin/css/dark_mode.css HTTP/1.1" 200 2804
"GET /static/admin/js/theme.js HTTP/1.1" 200 1653
"GET /static/admin/css/base.css HTTP/1.1" 200 22092
"GET /static/admin/js/nav_sidebar.js HTTP/1.1" 200 3063
"GET /static/admin/css/nav_sidebar.css HTTP/1.1" 200 2810
"GET /static/admin/css/dashboard.css HTTP/1.1" 200 441
"GET /static/admin/css/responsive.css HTTP/1.1" 200 17972
"GET /static/admin/img/icon-changelink.svg HTTP/1.1" 200 380
"GET /static/admin/img/icon-addlink.svg HTTP/1.1" 200 331
"GET /admin/django_celery_beat/intervalschedule/ HTTP/1.1" 200 13371
"GET /static/admin/css/changelists.css HTTP/1.1" 200 6878
"GET /static/admin/js/jquery.init.js HTTP/1.1" 200 347
"GET /static/admin/js/admin/RelatedObjectLookups.js HTTP/1.1" 200 9097
"GET /static/admin/js/core.js HTTP/1.1" 200 6208
"GET /static/admin/js/urlify.js HTTP/1.1" 200 7887
"GET /static/admin/js/actions.js HTTP/1.1" 200 8076
"GET /static/admin/js/prepopulate.js HTTP/1.1" 200 1531
"GET /static/admin/js/filters.js HTTP/1.1" 200 978
"GET /static/admin/js/vendor/jquery/jquery.js HTTP/1.1" 200 285314
"GET /admin/jsi18n/ HTTP/1.1" 200 3342
"GET /static/admin/js/vendor/xregexp/xregexp.js HTTP/1.1" 200 325171
"GET /static/admin/img/tooltag-add.svg HTTP/1.1" 200 331
"GET /admin/django_celery_beat/intervalschedule/add/ HTTP/1.1" 200 18156
"GET /static/admin/js/change_form.js HTTP/1.1" 200 606
"GET /static/admin/js/prepopulate_init.js HTTP/1.1" 200 586
"GET /static/admin/js/inlines.js HTTP/1.1" 200 15526
"GET /static/admin/css/forms.css HTTP/1.1" 200 8710
"GET /static/admin/img/icon-unknown.svg HTTP/1.1" 200 655
"GET /admin/jsi18n/ HTTP/1.1" 200 3342
"GET /static/admin/css/widgets.css HTTP/1.1" 200 11564
"GET /admin/django_celery_beat/clockedschedule/ HTTP/1.1" 200 13362
"GET /admin/jsi18n/ HTTP/1.1" 200 3342
"GET /admin/django_celery_beat/clockedschedule/add/ HTTP/1.1" 200 17214
"GET /static/admin/js/calendar.js HTTP/1.1" 200 9141
"GET /static/admin/js/admin/DateTimeShortcuts.js HTTP/1.1" 200 19319
"GET /admin/jsi18n/ HTTP/1.1" 200 3342
"GET /static/admin/img/icon-calendar.svg HTTP/1.1" 200 1086
"GET /static/admin/img/icon-clock.svg HTTP/1.1" 200 677
"GET /admin/django_celery_beat/crontabschedule/ HTTP/1.1" 200 13364
"GET /admin/jsi18n/ HTTP/1.1" 200 3342
"GET /admin/django_celery_beat/crontabschedule/add/ HTTP/1.1" 200 57270
"GET /admin/jsi18n/ HTTP/1.1" 200 3342
"GET /admin/django_celery_beat/intervalschedule/ HTTP/1.1" 200 13371
"GET /admin/jsi18n/ HTTP/1.1" 200 3342
"GET /admin/django_celery_beat/intervalschedule/add/ HTTP/1.1" 200 18156
"GET /admin/jsi18n/ HTTP/1.1" 200 3342
"GET /admin/django_celery_beat/periodictask/add/ HTTP/1.1" 200 38516
"GET /static/admin/img/icon-viewlink.svg HTTP/1.1" 200 581
"GET /admin/jsi18n/ HTTP/1.1" 200 3342
"GET /admin/django_celery_beat/solarschedule/ HTTP/1.1" 200 13380
"GET /admin/jsi18n/ HTTP/1.1" 200 3342
"GET /admin/django_celery_beat/solarschedule/add/ HTTP/1.1" 200 19270
"GET /admin/jsi18n/ HTTP/1.1" 200 3342
"GET /admin/grades/grade/ HTTP/1.1" 200 14604
"GET /admin/jsi18n/ HTTP/1.1" 200 3342
"GET /admin/courses/enrollment/ HTTP/1.1" 200 14643
"GET /admin/jsi18n/ HTTP/1.1" 200 3342
"GET /admin/courses/course/ HTTP/1.1" 200 14585
"GET /admin/jsi18n/ HTTP/1.1" 200 3342
"GET /admin/django_celery_beat/solarschedule/ HTTP/1.1" 200 13380
"GET /admin/jsi18n/ HTTP/1.1" 200 3342
"GET /admin/django_celery_beat/solarschedule/add/ HTTP/1.1" 200 19270
"GET /admin/jsi18n/ HTTP/1.1" 200 3342
/Users/daniyar/Desktop/university/StudentManagementSystem/StudentManagementSystem/settings.py changed, reloading.
Watching for file changes with StatReloader
/Users/daniyar/Desktop/university/StudentManagementSystem/user/views.py changed, reloading.
Watching for file changes with StatReloader
Watching for file changes with StatReloader
Watching for file changes with StatReloader
Not Found: /
"GET / HTTP/1.1" 404 3225
Watching for file changes with StatReloader
Not Found: /
"GET / HTTP/1.1" 404 3225
Not Found: /api/userprofile/
Not Found: /api/userprofile/1/
Watching for file changes with StatReloader
Not Found: /
"GET / HTTP/1.1" 404 3225
Not Found: /
"GET / HTTP/1.1" 404 3225
"GET /admin/ HTTP/1.1" 200 17508
Internal Server Error: /admin/StudentManagementSystem/userprofile/
Traceback (most recent call last):
  File "/Library/Frameworks/Python.framework/Versions/3.12/lib/python3.12/site-packages/django/db/backends/utils.py", line 105, in _execute
    return self.cursor.execute(sql, params)
           ^^^^^^^^^^^^^^^^^^^^^^^^^^^^^^^^
  File "/Library/Frameworks/Python.framework/Versions/3.12/lib/python3.12/site-packages/django/db/backends/sqlite3/base.py", line 354, in execute
    return super().execute(query, params)
           ^^^^^^^^^^^^^^^^^^^^^^^^^^^^^^
sqlite3.OperationalError: no such table: StudentManagementSystem_userprofile

The above exception was the direct cause of the following exception:

Traceback (most recent call last):
  File "/Library/Frameworks/Python.framework/Versions/3.12/lib/python3.12/site-packages/django/core/handlers/exception.py", line 55, in inner
    response = get_response(request)
               ^^^^^^^^^^^^^^^^^^^^^
  File "/Library/Frameworks/Python.framework/Versions/3.12/lib/python3.12/site-packages/django/core/handlers/base.py", line 197, in _get_response
    response = wrapped_callback(request, *callback_args, **callback_kwargs)
               ^^^^^^^^^^^^^^^^^^^^^^^^^^^^^^^^^^^^^^^^^^^^^^^^^^^^^^^^^^^^
  File "/Library/Frameworks/Python.framework/Versions/3.12/lib/python3.12/site-packages/django/contrib/admin/options.py", line 718, in wrapper
    return self.admin_site.admin_view(view)(*args, **kwargs)
           ^^^^^^^^^^^^^^^^^^^^^^^^^^^^^^^^^^^^^^^^^^^^^^^^^
  File "/Library/Frameworks/Python.framework/Versions/3.12/lib/python3.12/site-packages/django/utils/decorators.py", line 188, in _view_wrapper
    result = _process_exception(request, e)
             ^^^^^^^^^^^^^^^^^^^^^^^^^^^^^^
  File "/Library/Frameworks/Python.framework/Versions/3.12/lib/python3.12/site-packages/django/utils/decorators.py", line 186, in _view_wrapper
    response = view_func(request, *args, **kwargs)
               ^^^^^^^^^^^^^^^^^^^^^^^^^^^^^^^^^^^
  File "/Library/Frameworks/Python.framework/Versions/3.12/lib/python3.12/site-packages/django/views/decorators/cache.py", line 80, in _view_wrapper
    response = view_func(request, *args, **kwargs)
               ^^^^^^^^^^^^^^^^^^^^^^^^^^^^^^^^^^^
  File "/Library/Frameworks/Python.framework/Versions/3.12/lib/python3.12/site-packages/django/contrib/admin/sites.py", line 241, in inner
    return view(request, *args, **kwargs)
           ^^^^^^^^^^^^^^^^^^^^^^^^^^^^^^
  File "/Library/Frameworks/Python.framework/Versions/3.12/lib/python3.12/site-packages/django/utils/decorators.py", line 48, in _wrapper
    return bound_method(*args, **kwargs)
           ^^^^^^^^^^^^^^^^^^^^^^^^^^^^^
  File "/Library/Frameworks/Python.framework/Versions/3.12/lib/python3.12/site-packages/django/utils/decorators.py", line 188, in _view_wrapper
    result = _process_exception(request, e)
             ^^^^^^^^^^^^^^^^^^^^^^^^^^^^^^
  File "/Library/Frameworks/Python.framework/Versions/3.12/lib/python3.12/site-packages/django/utils/decorators.py", line 186, in _view_wrapper
    response = view_func(request, *args, **kwargs)
               ^^^^^^^^^^^^^^^^^^^^^^^^^^^^^^^^^^^
  File "/Library/Frameworks/Python.framework/Versions/3.12/lib/python3.12/site-packages/django/contrib/admin/options.py", line 2001, in changelist_view
    cl = self.get_changelist_instance(request)
         ^^^^^^^^^^^^^^^^^^^^^^^^^^^^^^^^^^^^^
  File "/Library/Frameworks/Python.framework/Versions/3.12/lib/python3.12/site-packages/django/contrib/admin/options.py", line 866, in get_changelist_instance
    return ChangeList(
           ^^^^^^^^^^^
  File "/Library/Frameworks/Python.framework/Versions/3.12/lib/python3.12/site-packages/django/contrib/admin/views/main.py", line 146, in __init__
    self.get_results(request)
  File "/Library/Frameworks/Python.framework/Versions/3.12/lib/python3.12/site-packages/django/contrib/admin/views/main.py", line 313, in get_results
    result_count = paginator.count
                   ^^^^^^^^^^^^^^^
  File "/Library/Frameworks/Python.framework/Versions/3.12/lib/python3.12/site-packages/django/utils/functional.py", line 47, in __get__
    res = instance.__dict__[self.name] = self.func(instance)
                                         ^^^^^^^^^^^^^^^^^^^
  File "/Library/Frameworks/Python.framework/Versions/3.12/lib/python3.12/site-packages/django/core/paginator.py", line 110, in count
    return c()
           ^^^
  File "/Library/Frameworks/Python.framework/Versions/3.12/lib/python3.12/site-packages/django/db/models/query.py", line 620, in count
    return self.query.get_count(using=self.db)
           ^^^^^^^^^^^^^^^^^^^^^^^^^^^^^^^^^^^
  File "/Library/Frameworks/Python.framework/Versions/3.12/lib/python3.12/site-packages/django/db/models/sql/query.py", line 630, in get_count
    return obj.get_aggregation(using, {"__count": Count("*")})["__count"]
           ^^^^^^^^^^^^^^^^^^^^^^^^^^^^^^^^^^^^^^^^^^^^^^^^^^^
  File "/Library/Frameworks/Python.framework/Versions/3.12/lib/python3.12/site-packages/django/db/models/sql/query.py", line 616, in get_aggregation
    result = compiler.execute_sql(SINGLE)
             ^^^^^^^^^^^^^^^^^^^^^^^^^^^^
  File "/Library/Frameworks/Python.framework/Versions/3.12/lib/python3.12/site-packages/django/db/models/sql/compiler.py", line 1574, in execute_sql
    cursor.execute(sql, params)
  File "/Library/Frameworks/Python.framework/Versions/3.12/lib/python3.12/site-packages/django/db/backends/utils.py", line 122, in execute
    return super().execute(sql, params)
           ^^^^^^^^^^^^^^^^^^^^^^^^^^^^
  File "/Library/Frameworks/Python.framework/Versions/3.12/lib/python3.12/site-packages/django/db/backends/utils.py", line 79, in execute
    return self._execute_with_wrappers(
           ^^^^^^^^^^^^^^^^^^^^^^^^^^^^
  File "/Library/Frameworks/Python.framework/Versions/3.12/lib/python3.12/site-packages/django/db/backends/utils.py", line 92, in _execute_with_wrappers
    return executor(sql, params, many, context)
           ^^^^^^^^^^^^^^^^^^^^^^^^^^^^^^^^^^^^
  File "/Library/Frameworks/Python.framework/Versions/3.12/lib/python3.12/site-packages/django/db/backends/utils.py", line 100, in _execute
    with self.db.wrap_database_errors:
         ^^^^^^^^^^^^^^^^^^^^^^^^^^^^
  File "/Library/Frameworks/Python.framework/Versions/3.12/lib/python3.12/site-packages/django/db/utils.py", line 91, in __exit__
    raise dj_exc_value.with_traceback(traceback) from exc_value
  File "/Library/Frameworks/Python.framework/Versions/3.12/lib/python3.12/site-packages/django/db/backends/utils.py", line 105, in _execute
    return self.cursor.execute(sql, params)
           ^^^^^^^^^^^^^^^^^^^^^^^^^^^^^^^^
  File "/Library/Frameworks/Python.framework/Versions/3.12/lib/python3.12/site-packages/django/db/backends/sqlite3/base.py", line 354, in execute
    return super().execute(query, params)
           ^^^^^^^^^^^^^^^^^^^^^^^^^^^^^^
django.db.utils.OperationalError: no such table: StudentManagementSystem_userprofile
"GET /admin/StudentManagementSystem/userprofile/ HTTP/1.1" 500 191272
Internal Server Error: /admin/StudentManagementSystem/userprofile/
Traceback (most recent call last):
  File "/Library/Frameworks/Python.framework/Versions/3.12/lib/python3.12/site-packages/django/db/backends/utils.py", line 105, in _execute
    return self.cursor.execute(sql, params)
           ^^^^^^^^^^^^^^^^^^^^^^^^^^^^^^^^
  File "/Library/Frameworks/Python.framework/Versions/3.12/lib/python3.12/site-packages/django/db/backends/sqlite3/base.py", line 354, in execute
    return super().execute(query, params)
           ^^^^^^^^^^^^^^^^^^^^^^^^^^^^^^
sqlite3.OperationalError: no such table: StudentManagementSystem_userprofile

The above exception was the direct cause of the following exception:

Traceback (most recent call last):
  File "/Library/Frameworks/Python.framework/Versions/3.12/lib/python3.12/site-packages/django/core/handlers/exception.py", line 55, in inner
    response = get_response(request)
               ^^^^^^^^^^^^^^^^^^^^^
  File "/Library/Frameworks/Python.framework/Versions/3.12/lib/python3.12/site-packages/django/core/handlers/base.py", line 197, in _get_response
    response = wrapped_callback(request, *callback_args, **callback_kwargs)
               ^^^^^^^^^^^^^^^^^^^^^^^^^^^^^^^^^^^^^^^^^^^^^^^^^^^^^^^^^^^^
  File "/Library/Frameworks/Python.framework/Versions/3.12/lib/python3.12/site-packages/django/contrib/admin/options.py", line 718, in wrapper
    return self.admin_site.admin_view(view)(*args, **kwargs)
           ^^^^^^^^^^^^^^^^^^^^^^^^^^^^^^^^^^^^^^^^^^^^^^^^^
  File "/Library/Frameworks/Python.framework/Versions/3.12/lib/python3.12/site-packages/django/utils/decorators.py", line 188, in _view_wrapper
    result = _process_exception(request, e)
             ^^^^^^^^^^^^^^^^^^^^^^^^^^^^^^
  File "/Library/Frameworks/Python.framework/Versions/3.12/lib/python3.12/site-packages/django/utils/decorators.py", line 186, in _view_wrapper
    response = view_func(request, *args, **kwargs)
               ^^^^^^^^^^^^^^^^^^^^^^^^^^^^^^^^^^^
  File "/Library/Frameworks/Python.framework/Versions/3.12/lib/python3.12/site-packages/django/views/decorators/cache.py", line 80, in _view_wrapper
    response = view_func(request, *args, **kwargs)
               ^^^^^^^^^^^^^^^^^^^^^^^^^^^^^^^^^^^
  File "/Library/Frameworks/Python.framework/Versions/3.12/lib/python3.12/site-packages/django/contrib/admin/sites.py", line 241, in inner
    return view(request, *args, **kwargs)
           ^^^^^^^^^^^^^^^^^^^^^^^^^^^^^^
  File "/Library/Frameworks/Python.framework/Versions/3.12/lib/python3.12/site-packages/django/utils/decorators.py", line 48, in _wrapper
    return bound_method(*args, **kwargs)
           ^^^^^^^^^^^^^^^^^^^^^^^^^^^^^
  File "/Library/Frameworks/Python.framework/Versions/3.12/lib/python3.12/site-packages/django/utils/decorators.py", line 188, in _view_wrapper
    result = _process_exception(request, e)
             ^^^^^^^^^^^^^^^^^^^^^^^^^^^^^^
  File "/Library/Frameworks/Python.framework/Versions/3.12/lib/python3.12/site-packages/django/utils/decorators.py", line 186, in _view_wrapper
    response = view_func(request, *args, **kwargs)
               ^^^^^^^^^^^^^^^^^^^^^^^^^^^^^^^^^^^
  File "/Library/Frameworks/Python.framework/Versions/3.12/lib/python3.12/site-packages/django/contrib/admin/options.py", line 2001, in changelist_view
    cl = self.get_changelist_instance(request)
         ^^^^^^^^^^^^^^^^^^^^^^^^^^^^^^^^^^^^^
  File "/Library/Frameworks/Python.framework/Versions/3.12/lib/python3.12/site-packages/django/contrib/admin/options.py", line 866, in get_changelist_instance
    return ChangeList(
           ^^^^^^^^^^^
  File "/Library/Frameworks/Python.framework/Versions/3.12/lib/python3.12/site-packages/django/contrib/admin/views/main.py", line 146, in __init__
    self.get_results(request)
  File "/Library/Frameworks/Python.framework/Versions/3.12/lib/python3.12/site-packages/django/contrib/admin/views/main.py", line 313, in get_results
    result_count = paginator.count
                   ^^^^^^^^^^^^^^^
  File "/Library/Frameworks/Python.framework/Versions/3.12/lib/python3.12/site-packages/django/utils/functional.py", line 47, in __get__
    res = instance.__dict__[self.name] = self.func(instance)
                                         ^^^^^^^^^^^^^^^^^^^
  File "/Library/Frameworks/Python.framework/Versions/3.12/lib/python3.12/site-packages/django/core/paginator.py", line 110, in count
    return c()
           ^^^
  File "/Library/Frameworks/Python.framework/Versions/3.12/lib/python3.12/site-packages/django/db/models/query.py", line 620, in count
    return self.query.get_count(using=self.db)
           ^^^^^^^^^^^^^^^^^^^^^^^^^^^^^^^^^^^
  File "/Library/Frameworks/Python.framework/Versions/3.12/lib/python3.12/site-packages/django/db/models/sql/query.py", line 630, in get_count
    return obj.get_aggregation(using, {"__count": Count("*")})["__count"]
           ^^^^^^^^^^^^^^^^^^^^^^^^^^^^^^^^^^^^^^^^^^^^^^^^^^^
  File "/Library/Frameworks/Python.framework/Versions/3.12/lib/python3.12/site-packages/django/db/models/sql/query.py", line 616, in get_aggregation
    result = compiler.execute_sql(SINGLE)
             ^^^^^^^^^^^^^^^^^^^^^^^^^^^^
  File "/Library/Frameworks/Python.framework/Versions/3.12/lib/python3.12/site-packages/django/db/models/sql/compiler.py", line 1574, in execute_sql
    cursor.execute(sql, params)
  File "/Library/Frameworks/Python.framework/Versions/3.12/lib/python3.12/site-packages/django/db/backends/utils.py", line 122, in execute
    return super().execute(sql, params)
           ^^^^^^^^^^^^^^^^^^^^^^^^^^^^
  File "/Library/Frameworks/Python.framework/Versions/3.12/lib/python3.12/site-packages/django/db/backends/utils.py", line 79, in execute
    return self._execute_with_wrappers(
           ^^^^^^^^^^^^^^^^^^^^^^^^^^^^
  File "/Library/Frameworks/Python.framework/Versions/3.12/lib/python3.12/site-packages/django/db/backends/utils.py", line 92, in _execute_with_wrappers
    return executor(sql, params, many, context)
           ^^^^^^^^^^^^^^^^^^^^^^^^^^^^^^^^^^^^
  File "/Library/Frameworks/Python.framework/Versions/3.12/lib/python3.12/site-packages/django/db/backends/utils.py", line 100, in _execute
    with self.db.wrap_database_errors:
         ^^^^^^^^^^^^^^^^^^^^^^^^^^^^
  File "/Library/Frameworks/Python.framework/Versions/3.12/lib/python3.12/site-packages/django/db/utils.py", line 91, in __exit__
    raise dj_exc_value.with_traceback(traceback) from exc_value
  File "/Library/Frameworks/Python.framework/Versions/3.12/lib/python3.12/site-packages/django/db/backends/utils.py", line 105, in _execute
    return self.cursor.execute(sql, params)
           ^^^^^^^^^^^^^^^^^^^^^^^^^^^^^^^^
  File "/Library/Frameworks/Python.framework/Versions/3.12/lib/python3.12/site-packages/django/db/backends/sqlite3/base.py", line 354, in execute
    return super().execute(query, params)
           ^^^^^^^^^^^^^^^^^^^^^^^^^^^^^^
django.db.utils.OperationalError: no such table: StudentManagementSystem_userprofile
"GET /admin/StudentManagementSystem/userprofile/ HTTP/1.1" 500 191272
"GET /admin/user/user/ HTTP/1.1" 200 19094
"GET /admin/jsi18n/ HTTP/1.1" 200 3342
"GET /admin/students/student/ HTTP/1.1" 200 15405
"GET /admin/jsi18n/ HTTP/1.1" 200 3342
Internal Server Error: /admin/StudentManagementSystem/userprofile/
Traceback (most recent call last):
  File "/Library/Frameworks/Python.framework/Versions/3.12/lib/python3.12/site-packages/django/db/backends/utils.py", line 105, in _execute
    return self.cursor.execute(sql, params)
           ^^^^^^^^^^^^^^^^^^^^^^^^^^^^^^^^
  File "/Library/Frameworks/Python.framework/Versions/3.12/lib/python3.12/site-packages/django/db/backends/sqlite3/base.py", line 354, in execute
    return super().execute(query, params)
           ^^^^^^^^^^^^^^^^^^^^^^^^^^^^^^
sqlite3.OperationalError: no such table: StudentManagementSystem_userprofile

The above exception was the direct cause of the following exception:

Traceback (most recent call last):
  File "/Library/Frameworks/Python.framework/Versions/3.12/lib/python3.12/site-packages/django/core/handlers/exception.py", line 55, in inner
    response = get_response(request)
               ^^^^^^^^^^^^^^^^^^^^^
  File "/Library/Frameworks/Python.framework/Versions/3.12/lib/python3.12/site-packages/django/core/handlers/base.py", line 197, in _get_response
    response = wrapped_callback(request, *callback_args, **callback_kwargs)
               ^^^^^^^^^^^^^^^^^^^^^^^^^^^^^^^^^^^^^^^^^^^^^^^^^^^^^^^^^^^^
  File "/Library/Frameworks/Python.framework/Versions/3.12/lib/python3.12/site-packages/django/contrib/admin/options.py", line 718, in wrapper
    return self.admin_site.admin_view(view)(*args, **kwargs)
           ^^^^^^^^^^^^^^^^^^^^^^^^^^^^^^^^^^^^^^^^^^^^^^^^^
  File "/Library/Frameworks/Python.framework/Versions/3.12/lib/python3.12/site-packages/django/utils/decorators.py", line 188, in _view_wrapper
    result = _process_exception(request, e)
             ^^^^^^^^^^^^^^^^^^^^^^^^^^^^^^
  File "/Library/Frameworks/Python.framework/Versions/3.12/lib/python3.12/site-packages/django/utils/decorators.py", line 186, in _view_wrapper
    response = view_func(request, *args, **kwargs)
               ^^^^^^^^^^^^^^^^^^^^^^^^^^^^^^^^^^^
  File "/Library/Frameworks/Python.framework/Versions/3.12/lib/python3.12/site-packages/django/views/decorators/cache.py", line 80, in _view_wrapper
    response = view_func(request, *args, **kwargs)
               ^^^^^^^^^^^^^^^^^^^^^^^^^^^^^^^^^^^
  File "/Library/Frameworks/Python.framework/Versions/3.12/lib/python3.12/site-packages/django/contrib/admin/sites.py", line 241, in inner
    return view(request, *args, **kwargs)
           ^^^^^^^^^^^^^^^^^^^^^^^^^^^^^^
  File "/Library/Frameworks/Python.framework/Versions/3.12/lib/python3.12/site-packages/django/utils/decorators.py", line 48, in _wrapper
    return bound_method(*args, **kwargs)
           ^^^^^^^^^^^^^^^^^^^^^^^^^^^^^
  File "/Library/Frameworks/Python.framework/Versions/3.12/lib/python3.12/site-packages/django/utils/decorators.py", line 188, in _view_wrapper
    result = _process_exception(request, e)
             ^^^^^^^^^^^^^^^^^^^^^^^^^^^^^^
  File "/Library/Frameworks/Python.framework/Versions/3.12/lib/python3.12/site-packages/django/utils/decorators.py", line 186, in _view_wrapper
    response = view_func(request, *args, **kwargs)
               ^^^^^^^^^^^^^^^^^^^^^^^^^^^^^^^^^^^
  File "/Library/Frameworks/Python.framework/Versions/3.12/lib/python3.12/site-packages/django/contrib/admin/options.py", line 2001, in changelist_view
    cl = self.get_changelist_instance(request)
         ^^^^^^^^^^^^^^^^^^^^^^^^^^^^^^^^^^^^^
  File "/Library/Frameworks/Python.framework/Versions/3.12/lib/python3.12/site-packages/django/contrib/admin/options.py", line 866, in get_changelist_instance
    return ChangeList(
           ^^^^^^^^^^^
  File "/Library/Frameworks/Python.framework/Versions/3.12/lib/python3.12/site-packages/django/contrib/admin/views/main.py", line 146, in __init__
    self.get_results(request)
  File "/Library/Frameworks/Python.framework/Versions/3.12/lib/python3.12/site-packages/django/contrib/admin/views/main.py", line 313, in get_results
    result_count = paginator.count
                   ^^^^^^^^^^^^^^^
  File "/Library/Frameworks/Python.framework/Versions/3.12/lib/python3.12/site-packages/django/utils/functional.py", line 47, in __get__
    res = instance.__dict__[self.name] = self.func(instance)
                                         ^^^^^^^^^^^^^^^^^^^
  File "/Library/Frameworks/Python.framework/Versions/3.12/lib/python3.12/site-packages/django/core/paginator.py", line 110, in count
    return c()
           ^^^
  File "/Library/Frameworks/Python.framework/Versions/3.12/lib/python3.12/site-packages/django/db/models/query.py", line 620, in count
    return self.query.get_count(using=self.db)
           ^^^^^^^^^^^^^^^^^^^^^^^^^^^^^^^^^^^
  File "/Library/Frameworks/Python.framework/Versions/3.12/lib/python3.12/site-packages/django/db/models/sql/query.py", line 630, in get_count
    return obj.get_aggregation(using, {"__count": Count("*")})["__count"]
           ^^^^^^^^^^^^^^^^^^^^^^^^^^^^^^^^^^^^^^^^^^^^^^^^^^^
  File "/Library/Frameworks/Python.framework/Versions/3.12/lib/python3.12/site-packages/django/db/models/sql/query.py", line 616, in get_aggregation
    result = compiler.execute_sql(SINGLE)
             ^^^^^^^^^^^^^^^^^^^^^^^^^^^^
  File "/Library/Frameworks/Python.framework/Versions/3.12/lib/python3.12/site-packages/django/db/models/sql/compiler.py", line 1574, in execute_sql
    cursor.execute(sql, params)
  File "/Library/Frameworks/Python.framework/Versions/3.12/lib/python3.12/site-packages/django/db/backends/utils.py", line 122, in execute
    return super().execute(sql, params)
           ^^^^^^^^^^^^^^^^^^^^^^^^^^^^
  File "/Library/Frameworks/Python.framework/Versions/3.12/lib/python3.12/site-packages/django/db/backends/utils.py", line 79, in execute
    return self._execute_with_wrappers(
           ^^^^^^^^^^^^^^^^^^^^^^^^^^^^
  File "/Library/Frameworks/Python.framework/Versions/3.12/lib/python3.12/site-packages/django/db/backends/utils.py", line 92, in _execute_with_wrappers
    return executor(sql, params, many, context)
           ^^^^^^^^^^^^^^^^^^^^^^^^^^^^^^^^^^^^
  File "/Library/Frameworks/Python.framework/Versions/3.12/lib/python3.12/site-packages/django/db/backends/utils.py", line 100, in _execute
    with self.db.wrap_database_errors:
         ^^^^^^^^^^^^^^^^^^^^^^^^^^^^
  File "/Library/Frameworks/Python.framework/Versions/3.12/lib/python3.12/site-packages/django/db/utils.py", line 91, in __exit__
    raise dj_exc_value.with_traceback(traceback) from exc_value
  File "/Library/Frameworks/Python.framework/Versions/3.12/lib/python3.12/site-packages/django/db/backends/utils.py", line 105, in _execute
    return self.cursor.execute(sql, params)
           ^^^^^^^^^^^^^^^^^^^^^^^^^^^^^^^^
  File "/Library/Frameworks/Python.framework/Versions/3.12/lib/python3.12/site-packages/django/db/backends/sqlite3/base.py", line 354, in execute
    return super().execute(query, params)
           ^^^^^^^^^^^^^^^^^^^^^^^^^^^^^^
django.db.utils.OperationalError: no such table: StudentManagementSystem_userprofile
"GET /admin/StudentManagementSystem/userprofile/ HTTP/1.1" 500 191272
"GET /admin/django_celery_beat/solarschedule/ HTTP/1.1" 200 14193
"GET /admin/jsi18n/ HTTP/1.1" 200 3342
"GET /admin/grades/grade/ HTTP/1.1" 200 15417
"GET /admin/jsi18n/ HTTP/1.1" 200 3342
/Users/daniyar/Desktop/university/StudentManagementSystem/StudentManagementSystem/admin.py changed, reloading.
Watching for file changes with StatReloader
Not Found: /
"GET / HTTP/1.1" 404 3225
"GET /admin/ HTTP/1.1" 200 16480
"GET /admin/grades/grade/ HTTP/1.1" 200 14604
"GET /admin/jsi18n/ HTTP/1.1" 200 3342
"GET /admin/courses/enrollment/ HTTP/1.1" 200 14643
"GET /admin/jsi18n/ HTTP/1.1" 200 3342
"GET /admin/courses/course/ HTTP/1.1" 200 14585
"GET /admin/jsi18n/ HTTP/1.1" 200 3342
"GET /admin/auth/group/ HTTP/1.1" 200 14903
"GET /admin/jsi18n/ HTTP/1.1" 200 3342
"GET /admin/attendance/attendance/ HTTP/1.1" 200 14706
"GET /admin/jsi18n/ HTTP/1.1" 200 3342
"GET /admin/attendance/attendance/ HTTP/1.1" 200 14706
"GET /admin/jsi18n/ HTTP/1.1" 200 3342
"GET /admin/ HTTP/1.1" 200 16480
"GET /admin HTTP/1.1" 301 0
"GET /admin/ HTTP/1.1" 200 16480
"GET /admin/user/user/add/ HTTP/1.1" 200 18929
"GET /admin/jsi18n/ HTTP/1.1" 200 3342
"POST /admin/user/user/add/ HTTP/1.1" 200 19122
"GET /admin/jsi18n/ HTTP/1.1" 200 3342
Not Found: /api/admin-only-endpoint/
Not Found: /api/admin-only-endpoint/
Not Found: /api/admin-only-endpoint/
Not Found: /api/admin-only-endpoint/
Not Found: /api/admin-only-endpoint/
Not Found: /api/admin-only-endpoint/
Forbidden: /api/admin-only-endpoint/
Bad Request: /userprofile/
Bad Request: /userprofile/
Watching for file changes with StatReloader
Not Found: /
"GET / HTTP/1.1" 404 3797
Not Found: /apple-touch-icon-precomposed.png
"GET /apple-touch-icon-precomposed.png HTTP/1.1" 404 3911
Not Found: /apple-touch-icon.png
"GET /apple-touch-icon.png HTTP/1.1" 404 3875
Not Found: /apple-touch-icon-precomposed.png
Not Found: /favicon.ico
"GET /favicon.ico HTTP/1.1" 404 3848
Not Found: /apple-touch-icon.png
Not Found: /
"GET / HTTP/1.1" 404 3797
"GET /apple-touch-icon-precomposed.png HTTP/1.1" 404 3911
"GET /apple-touch-icon.png HTTP/1.1" 404 3875
Not Found: /
"GET / HTTP/1.1" 404 3797
"GET /admin/ HTTP/1.1" 200 16480
"GET /admin/user/user/ HTTP/1.1" 200 18281
"GET /admin/jsi18n/ HTTP/1.1" 200 3342
"GET /admin/user/user/add/ HTTP/1.1" 200 18929
"GET /admin/jsi18n/ HTTP/1.1" 200 3342
"POST /admin/user/user/add/ HTTP/1.1" 302 0
"GET /admin/user/user/4/change/ HTTP/1.1" 200 32833
"GET /admin/jsi18n/ HTTP/1.1" 200 3342
"POST /admin/user/user/4/change/ HTTP/1.1" 302 0
"GET /admin/user/user/ HTTP/1.1" 200 18983
"GET /admin/jsi18n/ HTTP/1.1" 200 3342
"GET /admin/students/student/ HTTP/1.1" 200 14592
"GET /admin/jsi18n/ HTTP/1.1" 200 3342
"POST /admin/students/student/ HTTP/1.1" 302 0
"GET /admin/students/student/ HTTP/1.1" 200 14785
"GET /admin/jsi18n/ HTTP/1.1" 200 3342
"GET /static/admin/img/icon-alert.svg HTTP/1.1" 200 504
"GET /admin/students/student/add/ HTTP/1.1" 200 16024
"GET /admin/jsi18n/ HTTP/1.1" 200 3342
"GET /static/admin/img/calendar-icons.svg HTTP/1.1" 200 2455
"POST /admin/students/student/add/ HTTP/1.1" 302 0
"GET /admin/students/student/ HTTP/1.1" 200 15062
"GET /admin/jsi18n/ HTTP/1.1" 200 3342
"GET /admin/grades/grade/ HTTP/1.1" 200 14604
"GET /admin/jsi18n/ HTTP/1.1" 200 3342
"GET /admin/attendance/attendance/ HTTP/1.1" 200 14706
"GET /admin/jsi18n/ HTTP/1.1" 200 3342
"GET /admin/attendance/attendance/add/ HTTP/1.1" 200 18433
"GET /admin/jsi18n/ HTTP/1.1" 200 3342
"GET /admin/courses/course/ HTTP/1.1" 200 14585
"GET /admin/jsi18n/ HTTP/1.1" 200 3342
"GET /admin/courses/course/add/ HTTP/1.1" 200 16428
"GET /admin/jsi18n/ HTTP/1.1" 200 3342
"GET /admin/grades/grade/ HTTP/1.1" 200 14604
"GET /admin/jsi18n/ HTTP/1.1" 200 3342
"GET /admin/grades/grade/add/ HTTP/1.1" 200 19163
"GET /admin/jsi18n/ HTTP/1.1" 200 3342
"GET /admin/courses/enrollment/ HTTP/1.1" 200 14643
"GET /admin/jsi18n/ HTTP/1.1" 200 3342
"GET /admin/courses/enrollment/add/ HTTP/1.1" 200 16936
"GET /admin/jsi18n/ HTTP/1.1" 200 3342
"GET /admin/user/user/ HTTP/1.1" 200 18781
"GET /admin/jsi18n/ HTTP/1.1" 200 3342
"GET /admin/user/user/4/change/ HTTP/1.1" 200 32685
"GET /admin/jsi18n/ HTTP/1.1" 200 3342
"POST /admin/user/user/4/change/ HTTP/1.1" 302 0
"GET /admin/user/user/ HTTP/1.1" 200 18983
"GET /admin/jsi18n/ HTTP/1.1" 200 3342
"GET /admin/students/student/ HTTP/1.1" 200 14859
"GET /admin/jsi18n/ HTTP/1.1" 200 3342
"GET /admin/students/student/add/ HTTP/1.1" 200 16024
"GET /admin/jsi18n/ HTTP/1.1" 200 3342
"GET /admin/user/user/add/?_to_field=id&_popup=1 HTTP/1.1" 200 9184
"GET /admin/jsi18n/ HTTP/1.1" 200 3342
"POST /admin/user/user/add/?_to_field=id&_popup=1 HTTP/1.1" 200 334
"GET /static/admin/js/popup_response.js HTTP/1.1" 200 532
"POST /admin/students/student/add/ HTTP/1.1" 302 0
"GET /admin/students/student/ HTTP/1.1" 200 15319
"GET /admin/jsi18n/ HTTP/1.1" 200 3342
"GET /admin/students/student/ HTTP/1.1" 200 15119
"GET /admin/jsi18n/ HTTP/1.1" 200 3342
"GET /admin/user/user/ HTTP/1.1" 200 19281
"GET /admin/jsi18n/ HTTP/1.1" 200 3342
"GET /admin/students/student/ HTTP/1.1" 200 15119
"GET /admin/jsi18n/ HTTP/1.1" 200 3342
"GET /admin/django_celery_beat/solarschedule/ HTTP/1.1" 200 13380
"GET /admin/jsi18n/ HTTP/1.1" 200 3342
"GET /admin/grades/grade/ HTTP/1.1" 200 14604
"GET /admin/jsi18n/ HTTP/1.1" 200 3342
"GET /admin/courses/course/ HTTP/1.1" 200 14585
"GET /admin/jsi18n/ HTTP/1.1" 200 3342
"GET /admin/courses/course/add/ HTTP/1.1" 200 16473
"GET /admin/jsi18n/ HTTP/1.1" 200 3342
"POST /admin/courses/course/add/ HTTP/1.1" 302 0
"GET /admin/courses/course/ HTTP/1.1" 200 15044
"GET /admin/jsi18n/ HTTP/1.1" 200 3342
"GET /admin/auth/group/ HTTP/1.1" 200 14903
"GET /admin/jsi18n/ HTTP/1.1" 200 3342
"GET /admin/auth/group/1/change/ HTTP/1.1" 200 21783
"GET /admin/jsi18n/ HTTP/1.1" 200 3342
"POST /admin/auth/group/1/change/ HTTP/1.1" 302 0
"GET /admin/auth/group/ HTTP/1.1" 200 15098
"GET /admin/jsi18n/ HTTP/1.1" 200 3342
"GET /admin/auth/group/add/ HTTP/1.1" 200 21562
"GET /admin/jsi18n/ HTTP/1.1" 200 3342
"POST /admin/auth/group/add/ HTTP/1.1" 302 0
"GET /admin/auth/group/ HTTP/1.1" 200 15395
"GET /admin/jsi18n/ HTTP/1.1" 200 3342
"GET /admin/courses/course/ HTTP/1.1" 200 14846
"GET /admin/jsi18n/ HTTP/1.1" 200 3342
"GET /admin/courses/enrollment/ HTTP/1.1" 200 14643
"GET /admin/jsi18n/ HTTP/1.1" 200 3342
"GET /admin/courses/enrollment/add/ HTTP/1.1" 200 17007
"GET /admin/jsi18n/ HTTP/1.1" 200 3342
"POST /admin/courses/enrollment/add/ HTTP/1.1" 302 0
"GET /admin/courses/enrollment/ HTTP/1.1" 200 15135
"GET /admin/jsi18n/ HTTP/1.1" 200 3342
"GET /admin/grades/grade/ HTTP/1.1" 200 14604
"GET /admin/jsi18n/ HTTP/1.1" 200 3342
"GET /admin/grades/grade/add/ HTTP/1.1" 200 19279
"GET /admin/jsi18n/ HTTP/1.1" 200 3342
"POST /admin/grades/grade/add/ HTTP/1.1" 302 0
"GET /admin/grades/grade/ HTTP/1.1" 200 15109
"GET /admin/jsi18n/ HTTP/1.1" 200 3342
"GET /admin/django_celery_beat/clockedschedule/ HTTP/1.1" 200 13362
"GET /admin/jsi18n/ HTTP/1.1" 200 3342
"GET /admin/django_celery_beat/clockedschedule/add/ HTTP/1.1" 200 17214
"GET /static/admin/js/inlines.js HTTP/1.1" 200 15526
"GET /admin/jsi18n/ HTTP/1.1" 200 3342
"POST /admin/django_celery_beat/clockedschedule/add/ HTTP/1.1" 302 0
"GET /admin/django_celery_beat/clockedschedule/ HTTP/1.1" 200 15187
"GET /admin/jsi18n/ HTTP/1.1" 200 3342
"POST /admin/django_celery_beat/clockedschedule/ HTTP/1.1" 200 13458
"GET /static/admin/js/cancel.js HTTP/1.1" 200 884
"GET /admin/django_celery_beat/crontabschedule/ HTTP/1.1" 200 13364
"GET /admin/jsi18n/ HTTP/1.1" 200 3342
"GET /admin/django_celery_beat/crontabschedule/add/ HTTP/1.1" 200 57270
"GET /admin/jsi18n/ HTTP/1.1" 200 3342
"POST /admin/django_celery_beat/crontabschedule/add/ HTTP/1.1" 302 0
"GET /admin/django_celery_beat/crontabschedule/ HTTP/1.1" 200 15197
"GET /admin/jsi18n/ HTTP/1.1" 200 3342
"GET /admin/django_celery_beat/intervalschedule/ HTTP/1.1" 200 13371
"GET /admin/jsi18n/ HTTP/1.1" 200 3342
"GET /admin/django_celery_beat/intervalschedule/add/ HTTP/1.1" 200 18156
"GET /admin/jsi18n/ HTTP/1.1" 200 3342
"POST /admin/django_celery_beat/intervalschedule/add/ HTTP/1.1" 302 0
"GET /admin/django_celery_beat/intervalschedule/ HTTP/1.1" 200 14915
"GET /admin/jsi18n/ HTTP/1.1" 200 3342
"GET /admin/django_celery_beat/periodictask/ HTTP/1.1" 200 16767
"GET /admin/jsi18n/ HTTP/1.1" 200 3342
"GET /admin/django_celery_beat/periodictask/add/ HTTP/1.1" 200 38752
"GET /admin/jsi18n/ HTTP/1.1" 200 3342
"GET /admin/django_celery_beat/solarschedule/add/?_to_field=id&_popup=1 HTTP/1.1" 200 9521
"GET /admin/jsi18n/ HTTP/1.1" 200 3342
"POST /admin/django_celery_beat/solarschedule/add/?_to_field=id&_popup=1 HTTP/1.1" 200 351
"POST /admin/django_celery_beat/periodictask/add/ HTTP/1.1" 200 39546
"GET /admin/jsi18n/ HTTP/1.1" 200 3342
"POST /admin/django_celery_beat/periodictask/add/ HTTP/1.1" 302 0
"GET /admin/django_celery_beat/periodictask/ HTTP/1.1" 200 20182
"GET /admin/jsi18n/ HTTP/1.1" 200 3342
"GET /admin/django_celery_beat/solarschedule/ HTTP/1.1" 200 14734
"GET /admin/jsi18n/ HTTP/1.1" 200 3342
"GET /admin/django_celery_beat/solarschedule/1/change/ HTTP/1.1" 200 19610
"GET /admin/jsi18n/ HTTP/1.1" 200 3342
"POST /admin/django_celery_beat/solarschedule/1/change/ HTTP/1.1" 302 0
"GET /admin/django_celery_beat/solarschedule/ HTTP/1.1" 200 14983
"GET /admin/jsi18n/ HTTP/1.1" 200 3342
"GET /admin/django_celery_beat/solarschedule/add/ HTTP/1.1" 200 19270
"GET /admin/jsi18n/ HTTP/1.1" 200 3342
"GET /admin/attendance/attendance/ HTTP/1.1" 200 14706
"GET /admin/jsi18n/ HTTP/1.1" 200 3342
"GET /admin/attendance/attendance/add/ HTTP/1.1" 200 18504
"GET /admin/jsi18n/ HTTP/1.1" 200 3342
"POST /admin/attendance/attendance/add/ HTTP/1.1" 302 0
"GET /admin/attendance/attendance/ HTTP/1.1" 200 15282
"GET /admin/jsi18n/ HTTP/1.1" 200 3342
"GET /admin/ HTTP/1.1" 200 17776
"GET /admin/user/user/ HTTP/1.1" 200 19281
"GET /admin/jsi18n/ HTTP/1.1" 200 3342
"GET /admin/user/user/4/change/ HTTP/1.1" 200 32789
"GET /admin/jsi18n/ HTTP/1.1" 200 3342
"GET /admin/user/user/4/password/ HTTP/1.1" 200 14775
"POST /admin/user/user/4/password/ HTTP/1.1" 200 14969
"GET /admin/user/user/4/change/ HTTP/1.1" 200 32789
"GET /admin/jsi18n/ HTTP/1.1" 200 3342
"GET /admin/user/user/ HTTP/1.1" 200 19281
"GET /admin/jsi18n/ HTTP/1.1" 200 3342
"GET /admin/user/user/add/ HTTP/1.1" 200 18929
"GET /admin/jsi18n/ HTTP/1.1" 200 3342
"POST /admin/user/user/add/ HTTP/1.1" 200 19147
"GET /admin/jsi18n/ HTTP/1.1" 200 3342
"POST /admin/user/user/add/ HTTP/1.1" 302 0
"GET /admin/user/user/6/change/ HTTP/1.1" 200 32860
"GET /admin/jsi18n/ HTTP/1.1" 200 3342
"POST /admin/user/user/6/change/ HTTP/1.1" 302 0
"GET /admin/user/user/ HTTP/1.1" 200 19974
"GET /admin/jsi18n/ HTTP/1.1" 200 3342
User logged out: Iliyas (ID: 2)
"POST /admin/logout/ HTTP/1.1" 200 3555
"GET /admin/ HTTP/1.1" 302 0
"GET /admin/login/?next=/admin/ HTTP/1.1" 200 4160
"POST /admin/login/?next=/admin/ HTTP/1.1" 200 4319
"POST /admin/login/?next=/admin/ HTTP/1.1" 200 4319
User logged in: Beka (ID: 5)
"POST /admin/login/?next=/admin/ HTTP/1.1" 302 0
"GET /admin/ HTTP/1.1" 200 4505
User logged out: Beka (ID: 5)
"POST /admin/logout/ HTTP/1.1" 200 3555
"GET /admin/ HTTP/1.1" 302 0
"GET /admin/login/?next=/admin/ HTTP/1.1" 200 4160
"POST /admin/login/?next=/admin/ HTTP/1.1" 200 4319
"POST /admin/login/?next=/admin/ HTTP/1.1" 200 4323
User logged in: Azamat (ID: 4)
"POST /admin/login/?next=/admin/ HTTP/1.1" 302 0
"GET /admin/ HTTP/1.1" 200 7336
"GET /admin/students/student/ HTTP/1.1" 200 8800
"GET /admin/jsi18n/ HTTP/1.1" 200 3342
"GET /admin/user/user/ HTTP/1.1" 200 12916
"GET /admin/jsi18n/ HTTP/1.1" 200 3342
"GET /admin/auth/group/add/ HTTP/1.1" 200 16524
"GET /admin/jsi18n/ HTTP/1.1" 200 3342
"GET /admin/auth/ HTTP/1.1" 200 5155
"GET /admin/ HTTP/1.1" 200 7336
User logged out: Azamat (ID: 4)
"POST /admin/logout/ HTTP/1.1" 200 3555
"GET /admin/ HTTP/1.1" 302 0
"GET /admin/login/?next=/admin/ HTTP/1.1" 200 4160
Watching for file changes with StatReloader
Watching for file changes with StatReloader
Not Found: /
"GET / HTTP/1.1" 404 3797
Not Found: /
"GET / HTTP/1.1" 404 3797
Not Found: /users/1
"GET /users/1 HTTP/1.1" 404 3836
Not Found: /users/5
"GET /users/5 HTTP/1.1" 404 3836
Not Found: /
"GET / HTTP/1.1" 404 3797
Not Found: /authentication/signup/
"GET /authentication/signup/ HTTP/1.1" 404 3881
Not Found: /authentication/signup/
"GET /authentication/signup/ HTTP/1.1" 404 3881
Not Found: /authentication/signup/
"GET /authentication/signup/ HTTP/1.1" 404 3881
"GET /students HTTP/1.1" 301 0
Unauthorized: /students/
"GET /students/ HTTP/1.1" 401 5088
"GET /static/rest_framework/js/ajax-form.js HTTP/1.1" 200 3796
"GET /static/rest_framework/css/prettify.css HTTP/1.1" 200 817
"GET /static/rest_framework/css/bootstrap-tweaks.css HTTP/1.1" 200 3426
"GET /static/rest_framework/css/default.css HTTP/1.1" 200 1152
"GET /static/rest_framework/js/csrf.js HTTP/1.1" 200 1793
"GET /static/rest_framework/js/default.js HTTP/1.1" 200 1268
"GET /static/rest_framework/js/jquery-3.7.1.min.js HTTP/1.1" 200 87533
"GET /static/rest_framework/js/prettify-min.js HTTP/1.1" 200 13632
"GET /static/rest_framework/js/bootstrap.min.js HTTP/1.1" 200 39680
"GET /static/rest_framework/js/load-ajax-form.js HTTP/1.1" 200 59
"GET /static/rest_framework/css/bootstrap.min.css HTTP/1.1" 200 121457
"GET /static/rest_framework/img/grid.png HTTP/1.1" 200 1458
Not Found: /
"GET / HTTP/1.1" 404 3797
Not Found: /authentication/signup/
"GET /authentication/signup/ HTTP/1.1" 404 3881
Not Found: /authentication/signup/
"GET /authentication/signup/ HTTP/1.1" 404 3881
Not Found: /authentication/signup/
"GET /authentication/signup/ HTTP/1.1" 404 3881
Not Found: /
"GET / HTTP/1.1" 404 3797
"GET /courses HTTP/1.1" 301 0
Unauthorized: /courses/
"GET /courses/ HTTP/1.1" 401 5047
"GET /admin/ HTTP/1.1" 302 0
"GET /admin/login/?next=/admin/ HTTP/1.1" 200 4160
"GET /static/admin/css/login.css HTTP/1.1" 200 951
"POST /admin/login/?next=/admin/ HTTP/1.1" 200 4322
User logged in: Iliyas (ID: 2)
"POST /admin/login/?next=/admin/ HTTP/1.1" 302 0
"GET /admin/ HTTP/1.1" 200 17755
Watching for file changes with StatReloader
Watching for file changes with StatReloader
Not Found: /
"GET / HTTP/1.1" 404 3797
Not Found: /
"GET / HTTP/1.1" 404 3797
"GET /admin/auth/group/ HTTP/1.1" 200 15188
"GET /admin/jsi18n/ HTTP/1.1" 200 3342
"GET /admin/auth/group/ HTTP/1.1" 200 15188
"GET /admin/jsi18n/ HTTP/1.1" 200 3342
"GET /admin/ HTTP/1.1" 200 17755
"GET /admin/ HTTP/1.1" 200 17755
User logged out: Iliyas (ID: 2)
"POST /admin/logout/ HTTP/1.1" 200 3555
"GET /admin/ HTTP/1.1" 302 0
"GET /admin/login/?next=/admin/ HTTP/1.1" 200 4160
"POST /admin/login/?next=/admin/ HTTP/1.1" 200 4319
"POST /admin/login/?next=/admin/ HTTP/1.1" 200 4319
"POST /admin/logout/ HTTP/1.1" 302 0
"GET /admin/ HTTP/1.1" 302 0
User logged in: Iliyas (ID: 2)
"POST /admin/login/?next=/admin/ HTTP/1.1" 302 0
"GET /admin/ HTTP/1.1" 200 17755
"GET /admin/user/user/ HTTP/1.1" 200 19775
"GET /static/admin/img/icon-no.svg HTTP/1.1" 200 560
"GET /admin/jsi18n/ HTTP/1.1" 200 3342
"GET /static/admin/img/sorting-icons.svg HTTP/1.1" 200 1097
"GET /admin/user/user/4/change/ HTTP/1.1" 200 32789
"GET /admin/jsi18n/ HTTP/1.1" 200 3342
"GET /admin/user/user/4/password/ HTTP/1.1" 200 14775
"GET /static/admin/js/unusable_password_field.js HTTP/1.1" 200 1480
"GET /static/admin/css/unusable_password_field.css HTTP/1.1" 200 663
"POST /admin/user/user/4/password/ HTTP/1.1" 302 0
"GET /admin/user/user/4/change/ HTTP/1.1" 200 32925
"GET /admin/jsi18n/ HTTP/1.1" 200 3342
"POST /admin/user/user/4/change/ HTTP/1.1" 302 0
"GET /admin/user/user/ HTTP/1.1" 200 19977
"GET /admin/jsi18n/ HTTP/1.1" 200 3342
User logged out: Iliyas (ID: 2)
"POST /admin/logout/ HTTP/1.1" 200 3555
"GET /admin/ HTTP/1.1" 302 0
"GET /admin/login/?next=/admin/ HTTP/1.1" 200 4160
User logged in: Azamat (ID: 4)
"POST /admin/login/?next=/admin/ HTTP/1.1" 302 0
"GET /admin/ HTTP/1.1" 200 7336
"GET /admin/auth/group/add/ HTTP/1.1" 200 16524
"GET /admin/jsi18n/ HTTP/1.1" 200 3342
"GET /admin/courses/enrollment/ HTTP/1.1" 200 8742
"GET /admin/courses/enrollment/2/change/ HTTP/1.1" 200 10988
"GET /admin/jsi18n/ HTTP/1.1" 200 3342
"GET /admin/students/student/ HTTP/1.1" 200 8800
"GET /admin/students/student/ HTTP/1.1" 200 8800
"GET /admin/user/user/ HTTP/1.1" 200 12916
"GET /admin/user/user/5/change/ HTTP/1.1" 200 27643
"GET /admin/jsi18n/ HTTP/1.1" 200 3342
"GET /admin/user/user/1/change/ HTTP/1.1" 200 27683
"GET /admin/jsi18n/ HTTP/1.1" 200 3342
"GET /admin/user/user/1/password/ HTTP/1.1" 200 9885
"POST /admin/user/user/1/password/ HTTP/1.1" 302 0
"GET /admin/user/user/1/change/ HTTP/1.1" 200 27819
"GET /admin/jsi18n/ HTTP/1.1" 200 3342
User logged out: Azamat (ID: 4)
"POST /admin/logout/ HTTP/1.1" 200 3555
"GET /admin/ HTTP/1.1" 302 0
"GET /admin/login/?next=/admin/ HTTP/1.1" 200 4160
User logged in: Daniyar (ID: 1)
"POST /admin/login/?next=/admin/ HTTP/1.1" 302 0
"GET /admin/ HTTP/1.1" 200 13946
"GET /admin/attendance/attendance/ HTTP/1.1" 200 15041
"GET /admin/jsi18n/ HTTP/1.1" 200 3342
"GET /admin/attendance/attendance/2/change/ HTTP/1.1" 200 18833
"GET /admin/jsi18n/ HTTP/1.1" 200 3342
"POST /admin/attendance/attendance/2/change/ HTTP/1.1" 302 0
"GET /admin/attendance/attendance/ HTTP/1.1" 200 15288
"GET /admin/jsi18n/ HTTP/1.1" 200 3342
"GET /admin/auth/group/ HTTP/1.1" 200 15189
"GET /admin/jsi18n/ HTTP/1.1" 200 3342
"GET /admin/auth/group/2/change/ HTTP/1.1" 200 21903
"GET /admin/jsi18n/ HTTP/1.1" 200 3342
"GET /admin/courses/course/ HTTP/1.1" 200 14847
"GET /admin/jsi18n/ HTTP/1.1" 200 3342
"GET /admin/courses/course/2/change/ HTTP/1.1" 200 16766
"GET /admin/jsi18n/ HTTP/1.1" 200 3342
"GET /admin/students/student/ HTTP/1.1" 200 15120
"GET /admin/jsi18n/ HTTP/1.1" 200 3342
Bad Request: /userprofile/
Watching for file changes with StatReloader
Not Found: /
"GET / HTTP/1.1" 404 3797
"GET /admin/ HTTP/1.1" 200 14373
"GET /static/admin/css/dark_mode.css HTTP/1.1" 200 2804
"GET /static/admin/js/theme.js HTTP/1.1" 200 1653
"GET /static/admin/js/nav_sidebar.js HTTP/1.1" 200 3063
"GET /static/admin/css/base.css HTTP/1.1" 200 22092
"GET /static/admin/css/nav_sidebar.css HTTP/1.1" 200 2810
"GET /static/admin/css/dashboard.css HTTP/1.1" 200 441
"GET /static/admin/css/responsive.css HTTP/1.1" 200 17972
"GET /static/admin/img/icon-addlink.svg HTTP/1.1" 200 331
"GET /static/admin/img/icon-changelink.svg HTTP/1.1" 200 380
"GET /admin/ HTTP/1.1" 200 14373
Watching for file changes with StatReloader
Not Found: /
"GET / HTTP/1.1" 404 3797
Not Found: /
"GET / HTTP/1.1" 404 3797
"GET /admin/auth/group/ HTTP/1.1" 200 15189
"GET /static/admin/js/theme.js HTTP/1.1" 200 1653
"GET /static/admin/js/admin/RelatedObjectLookups.js HTTP/1.1" 200 9097
"GET /static/admin/css/changelists.css HTTP/1.1" 200 6878
"GET /static/admin/js/prepopulate.js HTTP/1.1" 200 1531
"GET /static/admin/js/urlify.js HTTP/1.1" 200 7887
"GET /static/admin/js/filters.js HTTP/1.1" 200 978
"GET /admin/jsi18n/ HTTP/1.1" 200 3342
"GET /static/admin/img/tooltag-add.svg HTTP/1.1" 200 331
"GET /admin/attendance/attendance/ HTTP/1.1" 200 15043
"GET /admin/jsi18n/ HTTP/1.1" 200 3342
User logged out: Daniyar (ID: 1)
"POST /admin/logout/ HTTP/1.1" 200 3555
"GET /admin/ HTTP/1.1" 302 0
"GET /admin/login/?next=/admin/ HTTP/1.1" 200 4160
User logged in: Azamat (ID: 4)
"POST /admin/login/?next=/admin/ HTTP/1.1" 302 0
"GET /admin/ HTTP/1.1" 200 7723
"GET /static/admin/css/dashboard.css HTTP/1.1" 200 441
"GET /admin/user/user/ HTTP/1.1" 200 12916
"GET /static/admin/img/icon-no.svg HTTP/1.1" 200 560
"GET /static/admin/img/icon-viewlink.svg HTTP/1.1" 304 0
User logged out: Azamat (ID: 4)
"POST /admin/logout/ HTTP/1.1" 200 3555
"POST /admin/logout/ HTTP/1.1" 302 0
"GET /admin/ HTTP/1.1" 302 0
"GET /admin/login/?next=/admin/ HTTP/1.1" 200 4160
"POST /admin/login/?next=/admin/ HTTP/1.1" 200 4319
"POST /admin/logout/ HTTP/1.1" 302 0
"GET /admin/ HTTP/1.1" 302 0
"GET /admin/login/?next=/admin/ HTTP/1.1" 200 4160
User logged in: Daniyar (ID: 1)
"POST /admin/login/?next=/admin/ HTTP/1.1" 302 0
"GET /admin/ HTTP/1.1" 200 14373
"GET /admin/user/user/ HTTP/1.1" 200 19776
"GET /admin/jsi18n/ HTTP/1.1" 200 3342
"GET /admin/attendance/attendance/ HTTP/1.1" 200 15043
"GET /admin/jsi18n/ HTTP/1.1" 200 3342
"GET /admin/courses/course/ HTTP/1.1" 200 14847
"GET /admin/jsi18n/ HTTP/1.1" 200 3342
"GET /admin/courses/course/ HTTP/1.1" 200 14847
"GET /admin/jsi18n/ HTTP/1.1" 200 3342
"GET /admin/user/user/ HTTP/1.1" 200 19776
"GET /admin/jsi18n/ HTTP/1.1" 200 3342
"GET /admin/user/user/add/ HTTP/1.1" 200 18930
"GET /static/admin/css/forms.css HTTP/1.1" 200 8710
"GET /static/admin/js/change_form.js HTTP/1.1" 200 606
"GET /static/admin/css/unusable_password_field.css HTTP/1.1" 200 663
"GET /admin/jsi18n/ HTTP/1.1" 200 3342
"GET /admin/students/student/ HTTP/1.1" 200 15120
"GET /admin/jsi18n/ HTTP/1.1" 200 3342
"GET /admin/grades/grade/ HTTP/1.1" 200 14900
"GET /admin/jsi18n/ HTTP/1.1" 200 3342
"GET /admin/grades/grade/add/ HTTP/1.1" 200 19280
"GET /admin/jsi18n/ HTTP/1.1" 200 3342
"GET /admin/courses/course/ HTTP/1.1" 200 14847
"GET /admin/jsi18n/ HTTP/1.1" 200 3342
"GET /admin/courses/course/add/ HTTP/1.1" 200 16474
"GET /admin/jsi18n/ HTTP/1.1" 200 3342
"GET /admin/auth/group/ HTTP/1.1" 200 15189
"GET /admin/jsi18n/ HTTP/1.1" 200 3342
"GET /admin/auth/group/2/change/ HTTP/1.1" 200 21903
"GET /admin/jsi18n/ HTTP/1.1" 200 3342
"GET /static/admin/img/icon-unknown-alt.svg HTTP/1.1" 200 655
"GET /admin/attendance/attendance/ HTTP/1.1" 200 15043
"GET /admin/jsi18n/ HTTP/1.1" 200 3342
"GET /admin/attendance/attendance/add/ HTTP/1.1" 200 18505
"GET /admin/jsi18n/ HTTP/1.1" 200 3342
"POST /admin/attendance/attendance/add/ HTTP/1.1" 302 0
"GET /admin/attendance/attendance/ HTTP/1.1" 200 15636
"GET /admin/jsi18n/ HTTP/1.1" 200 3342
"GET /admin/ HTTP/1.1" 200 14767
"GET /admin/user/user/ HTTP/1.1" 200 19776
"GET /admin/jsi18n/ HTTP/1.1" 200 3342
"GET /admin/user/user/5/change/ HTTP/1.1" 200 32689
"GET /admin/jsi18n/ HTTP/1.1" 200 3342
"GET /admin/user/user/2/change/ HTTP/1.1" 200 32705
"GET /admin/jsi18n/ HTTP/1.1" 200 3342
"GET /admin/user/user/3/change/ HTTP/1.1" 200 32649
"GET /admin/jsi18n/ HTTP/1.1" 200 3342
"GET /admin/user/user/4/change/ HTTP/1.1" 200 32790
"GET /admin/jsi18n/ HTTP/1.1" 200 3342
User logged out: Daniyar (ID: 1)
"POST /admin/logout/ HTTP/1.1" 200 3555
"GET /admin/ HTTP/1.1" 302 0
"GET /admin/login/?next=/admin/ HTTP/1.1" 200 4160
User logged in: Azamat (ID: 4)
"POST /admin/login/?next=/admin/ HTTP/1.1" 302 0
"GET /admin/ HTTP/1.1" 200 7723
"GET /admin/courses/enrollment/ HTTP/1.1" 200 8742
"GET /admin/students/student/ HTTP/1.1" 200 8800
"GET /admin/jsi18n/ HTTP/1.1" 200 3342
"GET /admin/user/user/ HTTP/1.1" 200 12916
"GET /admin/jsi18n/ HTTP/1.1" 200 3342
"GET /admin/user/user/4/change/ HTTP/1.1" 200 27744
"GET /admin/jsi18n/ HTTP/1.1" 200 3342
"GET /admin/jsi18n/ HTTP/1.1" 200 3342
"GET /admin/courses/enrollment/ HTTP/1.1" 200 8742
"GET /admin/courses/enrollment/2/change/ HTTP/1.1" 200 10988
"GET /admin/jsi18n/ HTTP/1.1" 200 3342
